{"C:\\Users\\bkmurunga\\Desktop\\proj\\bmi_calculator\\bmi.js": {"path":"C:\\Users\\bkmurunga\\Desktop\\proj\\bmi_calculator\\bmi.js","statementMap":{"0":{"start":{"line":1,"column":14},"end":{"line":9,"column":1}},"1":{"start":{"line":2,"column":4},"end":{"line":8,"column":5}},"2":{"start":{"line":3,"column":8},"end":{"line":3,"column":28}},"3":{"start":{"line":4,"column":10},"end":{"line":8,"column":5}},"4":{"start":{"line":5,"column":8},"end":{"line":5,"column":23}},"5":{"start":{"line":7,"column":8},"end":{"line":7,"column":27}},"6":{"start":{"line":12,"column":0},"end":{"line":12,"column":24}}},"fnMap":{"0":{"name":"(anonymous_0)","decl":{"start":{"line":1,"column":14},"end":{"line":1,"column":15}},"loc":{"start":{"line":1,"column":21},"end":{"line":9,"column":1}},"line":1}},"branchMap":{"0":{"loc":{"start":{"line":2,"column":4},"end":{"line":8,"column":5}},"type":"if","locations":[{"start":{"line":2,"column":4},"end":{"line":8,"column":5}},{"start":{"line":4,"column":10},"end":{"line":8,"column":5}}],"line":2},"1":{"loc":{"start":{"line":4,"column":10},"end":{"line":8,"column":5}},"type":"if","locations":[{"start":{"line":4,"column":10},"end":{"line":8,"column":5}},{"start":{"line":6,"column":9},"end":{"line":8,"column":5}}],"line":4},"2":{"loc":{"start":{"line":4,"column":14},"end":{"line":4,"column":39}},"type":"binary-expr","locations":[{"start":{"line":4,"column":14},"end":{"line":4,"column":25}},{"start":{"line":4,"column":29},"end":{"line":4,"column":39}}],"line":4}},"s":{"0":1,"1":3,"2":1,"3":2,"4":1,"5":1,"6":1},"f":{"0":3},"b":{"0":[1,2],"1":[1,1],"2":[2,2]},"_coverageSchema":"1a1c01bbd47fc00a2c39e90264f33305004495a9","hash":"30fd849b887afd9bf72e72c5fa6e7851a91b42e8"}
}
